[6, 7] [7] 0.7071067811865475
[6, 7] [7] 0.7071067811865475
[6, 7] [7] 0.7071067811865475
[6, 7] [3] 0
[6, 7] [1, 7] 0.5
[6, 7] [1, 3, 7] 0.4082482904638631
[6, 7] [7, 8] 0.5
[6, 7] [1] 0
[6, 7] [7] 0.7071067811865475
[6, 7] [3, 8] 0
[6, 7] [7] 0.7071067811865475
[6, 7] [1] 0
[6, 7] [1, 7] 0.5
[6, 7] [3, 7] 0.5
[6, 7] [2] 0
[6, 7] [7] 0.7071067811865475
[6, 7] [4, 7] 0.5
[6, 7] [7] 0.7071067811865475
[6, 7] [7] 0.7071067811865475
[6, 7] [7] 0.7071067811865475
[6, 7] [7] 0.7071067811865475
[6, 7] [1] 0
[6, 7] [7] 0.7071067811865475
[6, 7] [3, 7] 0.5
[6, 7] [6] 0.7071067811865475
[6, 7] [7] 0.7071067811865475
[6, 7] [3, 7] 0.5
[6, 7] [3, 4, 7] 0.4082482904638631
[6, 7] [7] 0.7071067811865475
[6, 7] [3, 7] 0.5
[6, 7] [1] 0
[6, 7] [7] 0.7071067811865475
[6, 7] [5, 7] 0.5
[6, 7] [2] 0
[6, 7] [3, 8] 0
[6, 7] [7] 0.7071067811865475
[6, 7] [1, 8] 0
[6, 7] [1, 5] 0
[6, 7] [7] 0.7071067811865475
[6, 7] [3, 7] 0.5
[6, 7] [1, 7] 0.5
[6, 7] [3] 0
[6, 7] [3, 6] 0.5
[6, 7] [7] 0.7071067811865475
[6, 7] [3, 7] 0.5
[6, 7] [1, 2] 0
[6, 7] [1, 3] 0
[6, 7] [7, 8] 0.5
[6, 7] [4, 7] 0.5
[6, 7] [3, 7] 0.5
[6, 7] [1, 4] 0
[6, 7] [1, 2] 0
[6, 7] [1, 7] 0.5
[6, 7] [7] 0.7071067811865475
[6, 7] [7] 0.7071067811865475
[6, 7] [1, 5] 0
[6, 7] [6] 0.7071067811865475
[6, 7] [3] 0
[6, 7] [2] 0
[6, 7] [1, 7] 0.5
[6, 7] [7] 0.7071067811865475
[6, 7] [7] 0.7071067811865475
[6, 7] [1, 4] 0
[6, 7] [2, 4] 0
[6, 7] [6] 0.7071067811865475
[6, 7] [] 0
[6, 7] [] 0
[6, 7] [3] 0
[6, 7] [7] 0.7071067811865475
[6, 7] [6] 0.7071067811865475
[6, 7] [1, 7] 0.5
[6, 7] [7] 0.7071067811865475
[6, 7] [1] 0
[6, 7] [7] 0.7071067811865475
[6, 7] [6] 0.7071067811865475
[6, 7] [3] 0
[6, 7] [3] 0
[6, 7] [7] 0.7071067811865475
[6, 7] [7] 0.7071067811865475
[6, 7] [1] 0
[6, 7] [6, 7] 1.0
[6, 7] [3] 0
[6, 7] [7] 0.7071067811865475
[6, 7] [3, 7] 0.5
[6, 7] [4, 6] 0.5
[6, 7] [7, 8] 0.5
[6, 7] [5, 7] 0.5
[6, 7] [7] 0.7071067811865475
[6, 7] [3] 0
[6, 7] [6, 7] 1.0
[6, 7] [5] 0
[6, 7] [3, 7] 0.5
[6, 7] [6, 7] 1.0
[6, 7] [7] 0.7071067811865475
[6, 7] [7] 0.7071067811865475
[6, 7] [1, 7] 0.5
[6, 7] [1, 7] 0.5
[6, 7] [7] 0.7071067811865475
[6, 7] [6, 7] 1.0
[6, 7] [6] 0.7071067811865475
[6, 7] [7] 0.7071067811865475
[6, 7] [6] 0.7071067811865475
[6, 7] [6] 0.7071067811865475
[6, 7] [5, 6] 0.5
[6, 7] [6] 0.7071067811865475
[6, 7] [6] 0.7071067811865475
[6, 7] [6] 0.7071067811865475
[6, 7] [6] 0.7071067811865475
[6, 7] [8] 0
[6, 7] [6] 0.7071067811865475
[6, 7] [5, 6] 0.5
[6, 7] [1, 7] 0.5
[6, 7] [3, 7] 0.5
[6, 7] [1, 7] 0.5
[6, 7] [8] 0
[6, 7] [7] 0.7071067811865475
[6, 7] [1, 7] 0.5
[6, 7] [1, 7] 0.5
[6, 7] [7] 0.7071067811865475
[6, 7] [2, 7] 0.5
[6, 7] [3, 7] 0.5
[6, 7] [7, 8] 0.5
[6, 7] [1] 0
[6, 7] [6, 7] 1.0
[6, 7] [3] 0
[6, 7] [7] 0.7071067811865475
[6, 7] [1] 0
[6, 7] [3, 7] 0.5
[6, 7] [] 0
[6, 7] [6] 0.7071067811865475
[6, 7] [1] 0
[6, 7] [4] 0
[6, 7] [7] 0.7071067811865475
[6, 7] [7] 0.7071067811865475
[6, 7] [7] 0.7071067811865475
[6, 7] [1, 4] 0
[6, 7] [3, 4] 0
[6, 7] [1, 5] 0
[6, 7] [7] 0.7071067811865475
[6, 7] [7] 0.7071067811865475
[6, 7] [7] 0.7071067811865475
[6, 7] [1] 0
[6, 7] [7] 0.7071067811865475
[6, 7] [3] 0
[6, 7] [5, 7] 0.5
[6, 7] [7] 0.7071067811865475
[6, 7] [7] 0.7071067811865475
[6, 7] [6] 0.7071067811865475
[6, 7] [1, 7] 0.5
[6, 7] [7] 0.7071067811865475
[6, 7] [7] 0.7071067811865475
[6, 7] [1, 7] 0.5
[6, 7] [3] 0
[6, 7] [1] 0
[6, 7] [7] 0.7071067811865475
[6, 7] [5] 0
[6, 7] [6] 0.7071067811865475
[6, 7] [1] 0
[6, 7] [7] 0.7071067811865475
[6, 7] [2, 6, 7] 0.8164965809277261
[6, 7] [3] 0
[6, 7] [1, 7] 0.5
[6, 7] [7] 0.7071067811865475
[6, 7] [0] 0
[6, 7] [3] 0
[6, 7] [1] 0
[6, 7] [6] 0.7071067811865475
[6, 7] [3] 0
[6, 7] [4] 0
[6, 7] [3] 0
[6, 7] [4] 0
[6, 7] [6, 7] 1.0
[6, 7] [6, 7] 1.0
[6, 7] [7] 0.7071067811865475
[6, 7] [4, 7] 0.5
[6, 7] [6] 0.7071067811865475
[6, 7] [3, 7] 0.5
[6, 7] [3] 0
[6, 7] [1, 7] 0.5
[6, 7] [1, 7] 0.5
[6, 7] [1, 5] 0
[6, 7] [7] 0.7071067811865475
[6, 7] [7] 0.7071067811865475
[6, 7] [3] 0
[6, 7] [7] 0.7071067811865475
[6, 7] [3] 0
[6, 7] [3] 0
[6, 7] [3, 7] 0.5
[6, 7] [7] 0.7071067811865475
[6, 7] [1, 3] 0
[6, 7] [3] 0
[6, 7] [7] 0.7071067811865475
[6, 7] [3, 6] 0.5
[6, 7] [3] 0
[6, 7] [7] 0.7071067811865475
[6, 7] [7] 0.7071067811865475
[6, 7] [7] 0.7071067811865475
[6, 7] [] 0
[6, 7] [7] 0.7071067811865475
[6, 7] [3, 7] 0.5
[6, 7] [7] 0.7071067811865475
[6, 7] [7] 0.7071067811865475
[6, 7] [7] 0.7071067811865475
[6, 7] [7, 8] 0.5
[6, 7] [7] 0.7071067811865475
[6, 7] [4] 0
[6, 7] [7, 8] 0.5
[6, 7] [7] 0.7071067811865475
[6, 7] [7, 8] 0.5
[6, 7] [1, 3] 0
[6, 7] [7] 0.7071067811865475
[6, 7] [5, 7] 0.5
[6, 7] [7] 0.7071067811865475
[6, 7] [7] 0.7071067811865475
[6, 7] [7] 0.7071067811865475
[6, 7] [2] 0
[6, 7] [5] 0
[6, 7] [2] 0
[6, 7] [3] 0
[6, 7] [6] 0.7071067811865475
[6, 7] [7] 0.7071067811865475
[6, 7] [1] 0
[6, 7] [1] 0
[6, 7] [1, 3] 0
[6, 7] [3, 4] 0
[6, 7] [6] 0.7071067811865475
[6, 7] [6] 0.7071067811865475
[6, 7] [0] 0
[6, 7] [0, 1] 0
[6, 7] [1] 0
[6, 7] [7] 0.7071067811865475
[6, 7] [1, 7] 0.5
[6, 7] [3, 7] 0.5
[6, 7] [1, 6, 7] 0.8164965809277261
[6, 7] [1] 0
[6, 7] [] 0
[6, 7] [7] 0.7071067811865475
[6, 7] [7] 0.7071067811865475
[6, 7] [3, 7] 0.5
[6, 7] [7] 0.7071067811865475
[6, 7] [7] 0.7071067811865475
[6, 7] [7] 0.7071067811865475
[6, 7] [7] 0.7071067811865475
[6, 7] [7] 0.7071067811865475
[6, 7] [7] 0.7071067811865475
[6, 7] [1, 7] 0.5
[6, 7] [1, 3] 0
[6, 7] [6] 0.7071067811865475
[6, 7] [] 0
[6, 7] [3, 7] 0.5
[6, 7] [4] 0
[6, 7] [7, 8] 0.5
[6, 7] [3, 7] 0.5
[6, 7] [7] 0.7071067811865475
[6, 7] [2, 4] 0
[6, 7] [] 0
[6, 7] [6] 0.7071067811865475
[6, 7] [1, 8] 0
[6, 7] [7] 0.7071067811865475
[6, 7] [1, 7] 0.5
[6, 7] [6] 0.7071067811865475
[6, 7] [7] 0.7071067811865475
[6, 7] [1, 7] 0.5
[6, 7] [7] 0.7071067811865475
[6, 7] [7] 0.7071067811865475
[6, 7] [7] 0.7071067811865475
[6, 7] [1] 0
[6, 7] [1, 2] 0
[6, 7] [2] 0
[6, 7] [6, 8] 0.5
[6, 7] [6] 0.7071067811865475
[6, 7] [8] 0
[6, 7] [5] 0
[6, 7] [7] 0.7071067811865475
[6, 7] [7] 0.7071067811865475
[6, 7] [7] 0.7071067811865475
[6, 7] [6, 7, 8] 0.8164965809277261
[6, 7] [1] 0
[6, 7] [6] 0.7071067811865475
[6, 7] [6, 7] 1.0
[6, 7] [7] 0.7071067811865475
[6, 7] [1] 0
[6, 7] [7] 0.7071067811865475
[6, 7] [8] 0
[6, 7] [1, 8] 0
[6, 7] [7] 0.7071067811865475
[6, 7] [1, 7] 0.5
[6, 7] [7] 0.7071067811865475
[6, 7] [7] 0.7071067811865475
[6, 7] [3, 7] 0.5
[6, 7] [6] 0.7071067811865475
[6, 7] [6] 0.7071067811865475
[6, 7] [1, 7] 0.5
[6, 7] [6] 0.7071067811865475
[6, 7] [1, 7] 0.5
[6, 7] [6] 0.7071067811865475
[6, 7] [7] 0.7071067811865475
[6, 7] [6] 0.7071067811865475
[6, 7] [1] 0
[6, 7] [7] 0.7071067811865475
[6, 7] [1, 3] 0
[6, 7] [1, 7] 0.5
[6, 7] [7, 8] 0.5
[6, 7] [6, 7] 1.0
[6, 7] [3] 0
[6, 7] [7] 0.7071067811865475
[6, 7] [3, 7] 0.5
[6, 7] [6, 7] 1.0
[6, 7] [7] 0.7071067811865475
[6, 7] [7] 0.7071067811865475
[6, 7] [6] 0.7071067811865475
[6, 7] [] 0
[6, 7] [5] 0
[6, 7] [6] 0.7071067811865475
[6, 7] [7] 0.7071067811865475
[6, 7] [1] 0
[6, 7] [5] 0
[6, 7] [7] 0.7071067811865475
[6, 7] [7] 0.7071067811865475
[6, 7] [6, 8] 0.5
[6, 7] [7] 0.7071067811865475
[6, 7] [7] 0.7071067811865475
[6, 7] [1, 7] 0.5
[6, 7] [7] 0.7071067811865475
[6, 7] [5] 0
[6, 7] [7] 0.7071067811865475
[6, 7] [7] 0.7071067811865475
[6, 7] [1] 0
[6, 7] [6] 0.7071067811865475
[6, 7] [6, 7] 1.0
[6, 7] [3, 7] 0.5
[6, 7] [7] 0.7071067811865475
[6, 7] [6] 0.7071067811865475
[6, 7] [1, 7] 0.5
[6, 7] [1] 0
[6, 7] [1] 0
[6, 7] [3] 0
[6, 7] [0] 0
[6, 7] [6] 0.7071067811865475
[6, 7] [3] 0
[6, 7] [3] 0
[6, 7] [1, 7] 0.5
[6, 7] [3] 0
[6, 7] [3] 0
[6, 7] [1] 0
[6, 7] [7] 0.7071067811865475
[6, 7] [3, 8] 0
[6, 7] [7] 0.7071067811865475
[6, 7] [7] 0.7071067811865475
[6, 7] [7] 0.7071067811865475
[6, 7] [1, 6] 0.5
[6, 7] [7] 0.7071067811865475
[6, 7] [7] 0.7071067811865475
[6, 7] [1, 4] 0
[6, 7] [3] 0
[6, 7] [1, 6] 0.5
[6, 7] [7] 0.7071067811865475
[6, 7] [3, 7] 0.5
[6, 7] [7] 0.7071067811865475
[6, 7] [3] 0
[6, 7] [7] 0.7071067811865475
[6, 7] [7] 0.7071067811865475
[6, 7] [7] 0.7071067811865475
[6, 7] [3, 7] 0.5
[6, 7] [8] 0
[6, 7] [4, 6] 0.5
[6, 7] [8] 0
[6, 7] [1, 3] 0
[6, 7] [3, 7] 0.5
[6, 7] [3] 0
[6, 7] [7] 0.7071067811865475
[6, 7] [7] 0.7071067811865475
[6, 7] [1, 6, 7] 0.8164965809277261
[6, 7] [1] 0
[6, 7] [1] 0
[6, 7] [7] 0.7071067811865475
[6, 7] [3] 0
[6, 7] [1, 7] 0.5
[6, 7] [6] 0.7071067811865475
[6, 7] [8] 0
[6, 7] [6] 0.7071067811865475
[6, 7] [6] 0.7071067811865475
[6, 7] [7] 0.7071067811865475
[6, 7] [3, 7] 0.5
[6, 7] [3, 4] 0
[6, 7] [3] 0
[6, 7] [6] 0.7071067811865475
[6, 7] [7] 0.7071067811865475
[6, 7] [1, 7] 0.5
[6, 7] [2, 7] 0.5
[6, 7] [6, 7] 1.0
[6, 7] [6, 7] 1.0
[6, 7] [7] 0.7071067811865475
[6, 7] [6, 7] 1.0
[6, 7] [7] 0.7071067811865475
[6, 7] [1, 7] 0.5
[6, 7] [5, 7] 0.5
[6, 7] [1] 0
[6, 7] [3, 7] 0.5
[6, 7] [7] 0.7071067811865475
[6, 7] [4] 0
[6, 7] [1, 3, 6] 0.4082482904638631
[6, 7] [1, 7] 0.5
[6, 7] [1] 0
[6, 7] [1] 0
[6, 7] [7] 0.7071067811865475
[6, 7] [3, 8] 0
[6, 7] [7] 0.7071067811865475
[6, 7] [7] 0.7071067811865475
[6, 7] [] 0
[6, 7] [7] 0.7071067811865475
[6, 7] [4] 0
[6, 7] [7] 0.7071067811865475
[6, 7] [1] 0
[6, 7] [3, 6] 0.5
[6, 7] [3, 7] 0.5
[6, 7] [6] 0.7071067811865475
[6, 7] [1, 4] 0
[6, 7] [3, 7] 0.5
[6, 7] [3] 0
[6, 7] [7] 0.7071067811865475
[6, 7] [3, 7] 0.5
[6, 7] [6] 0.7071067811865475
[6, 7] [7] 0.7071067811865475
[6, 7] [4] 0
[6, 7] [1] 0
[6, 7] [3] 0
[6, 7] [8] 0
[6, 7] [7] 0.7071067811865475
[6, 7] [8] 0
[6, 7] [3, 7] 0.5
[6, 7] [6, 8] 0.5
[6, 7] [3, 4] 0
[6, 7] [] 0
[6, 7] [4, 6] 0.5
[6, 7] [1] 0
[6, 7] [1, 3] 0
[6, 7] [3, 7] 0.5
[6, 7] [3] 0
[6, 7] [3, 7] 0.5
[6, 7] [6] 0.7071067811865475
[6, 7] [6] 0.7071067811865475
[6, 7] [1] 0
[6, 7] [7] 0.7071067811865475
[6, 7] [7] 0.7071067811865475
[6, 7] [3, 7] 0.5
[6, 7] [3, 7] 0.5
[6, 7] [7] 0.7071067811865475
[6, 7] [4] 0
[6, 7] [7] 0.7071067811865475
[6, 7] [7] 0.7071067811865475
[6, 7] [1] 0
[6, 7] [3] 0
[6, 7] [2] 0
[6, 7] [3] 0
[6, 7] [8] 0
[6, 7] [7] 0.7071067811865475
[6, 7] [5] 0
[6, 7] [6] 0.7071067811865475
[6, 7] [6] 0.7071067811865475
[6, 7] [6] 0.7071067811865475
[6, 7] [6, 8] 0.5
[6, 7] [8] 0
[6, 7] [1] 0
[6, 7] [1, 7] 0.5
[6, 7] [3, 7] 0.5
[6, 7] [7] 0.7071067811865475
[6, 7] [6, 7] 1.0
[6, 7] [3, 7] 0.5
[6, 7] [1] 0
[6, 7] [1, 3] 0
[6, 7] [7] 0.7071067811865475
[6, 7] [7] 0.7071067811865475
[6, 7] [3, 7] 0.5
[6, 7] [6, 7] 1.0
[6, 7] [7, 8] 0.5
[6, 7] [8] 0
[6, 7] [7] 0.7071067811865475
[6, 7] [4, 6] 0.5
[6, 7] [6, 8] 0.5
[6, 7] [6, 8] 0.5
[6, 7] [1, 7] 0.5
[6, 7] [1] 0
[6, 7] [1] 0
[6, 7] [1] 0
[6, 7] [1] 0
[6, 7] [6] 0.7071067811865475
[6, 7] [1, 7] 0.5
[6, 7] [] 0
[6, 7] [7, 8] 0.5
[6, 7] [5, 6] 0.5
[6, 7] [5, 6] 0.5
[6, 7] [1, 4] 0
[6, 7] [5, 6] 0.5
[6, 7] [1, 5] 0
[6, 7] [5, 7] 0.5
[6, 7] [5] 0
[6, 7] [3] 0
[6, 7] [5, 7] 0.5
[6, 7] [1] 0
[6, 7] [1] 0
[6, 7] [1] 0
[6, 7] [1] 0
[6, 7] [5] 0
[6, 7] [1] 0
[6, 7] [2, 6] 0.5
[6, 7] [6, 8] 0.5
[6, 7] [1] 0
[6, 7] [1, 3] 0
[6, 7] [6] 0.7071067811865475
[6, 7] [6] 0.7071067811865475
[6, 7] [7] 0.7071067811865475
[6, 7] [7] 0.7071067811865475
[6, 7] [7] 0.7071067811865475
[6, 7] [6] 0.7071067811865475
[6, 7] [6] 0.7071067811865475
[6, 7] [3, 6] 0.5
[6, 7] [8] 0
[6, 7] [3] 0
[6, 7] [7] 0.7071067811865475
[6, 7] [5, 6] 0.5
[6, 7] [6] 0.7071067811865475
[6, 7] [4] 0
[6, 7] [] 0
[6, 7] [3, 7] 0.5
[6, 7] [3, 7] 0.5
[6, 7] [1] 0
[6, 7] [3, 4] 0
[6, 7] [7] 0.7071067811865475
[6, 7] [6, 7] 1.0
[6, 7] [1, 8] 0
[6, 7] [1, 6] 0.5
[6, 7] [3] 0
[6, 7] [7] 0.7071067811865475
[6, 7] [3, 7] 0.5
[6, 7] [7] 0.7071067811865475
[6, 7] [7] 0.7071067811865475
[6, 7] [6] 0.7071067811865475
[6, 7] [7] 0.7071067811865475
[6, 7] [1, 7] 0.5
[6, 7] [5, 7] 0.5
[6, 7] [1, 7, 8] 0.4082482904638631
[6, 7] [6] 0.7071067811865475
[6, 7] [6] 0.7071067811865475
[6, 7] [6] 0.7071067811865475
[6, 7] [3] 0
[6, 7] [1] 0
[6, 7] [] 0
[6, 7] [6] 0.7071067811865475
[6, 7] [6] 0.7071067811865475
[6, 7] [7] 0.7071067811865475
[6, 7] [7] 0.7071067811865475
[6, 7] [1, 3] 0
[6, 7] [3, 7] 0.5
[6, 7] [3] 0
[6, 7] [] 0
[6, 7] [1, 3] 0
[6, 7] [3, 7] 0.5
[6, 7] [3] 0
[6, 7] [5] 0
[6, 7] [7] 0.7071067811865475
[6, 7] [3] 0
[6, 7] [7] 0.7071067811865475
[6, 7] [7] 0.7071067811865475
[6, 7] [6, 7] 1.0
[6, 7] [7] 0.7071067811865475
[6, 7] [1, 7] 0.5
[6, 7] [3] 0
[6, 7] [8] 0
[6, 7] [4, 7] 0.5
[6, 7] [6] 0.7071067811865475
[6, 7] [6] 0.7071067811865475
[6, 7] [7] 0.7071067811865475
[6, 7] [3, 7] 0.5
[6, 7] [8] 0
[6, 7] [5] 0
[6, 7] [3] 0
[6, 7] [7] 0.7071067811865475
[6, 7] [] 0
[6, 7] [7, 8] 0.5
[6, 7] [7, 8] 0.5
[6, 7] [4] 0
[6, 7] [5] 0
[6, 7] [3, 7, 8] 0.4082482904638631
[6, 7] [3] 0
[6, 7] [3] 0
[6, 7] [8] 0
[6, 7] [6] 0.7071067811865475
[6, 7] [7] 0.7071067811865475
[6, 7] [1, 3] 0
[6, 7] [1, 8] 0
[6, 7] [2] 0
[6, 7] [7] 0.7071067811865475
[6, 7] [2] 0
[6, 7] [7] 0.7071067811865475
[6, 7] [1, 4] 0
[6, 7] [3, 7] 0.5
[6, 7] [6, 7] 1.0
[6, 7] [7] 0.7071067811865475
[6, 7] [1] 0
[6, 7] [6] 0.7071067811865475
[6, 7] [3, 7] 0.5
[6, 7] [1, 4] 0
[6, 7] [3, 6] 0.5
[6, 7] [1, 6, 8] 0.4082482904638631
[6, 7] [6] 0.7071067811865475
[6, 7] [3] 0
[6, 7] [6] 0.7071067811865475
[6, 7] [6, 8] 0.5
[6, 7] [4] 0
[6, 7] [1] 0
[6, 7] [4, 7] 0.5
[6, 7] [1] 0
[6, 7] [1, 3] 0
[6, 7] [1, 7] 0.5
[6, 7] [7] 0.7071067811865475
[6, 7] [7, 8] 0.5
[6, 7] [5, 6] 0.5
[6, 7] [6] 0.7071067811865475
[6, 7] [2, 6] 0.5
[6, 7] [1, 7] 0.5
[6, 7] [7] 0.7071067811865475
[6, 7] [6] 0.7071067811865475
[6, 7] [6] 0.7071067811865475
[6, 7] [4] 0
[6, 7] [4] 0
[6, 7] [1, 7] 0.5
[6, 7] [6] 0.7071067811865475
[6, 7] [6, 7] 1.0
[6, 7] [6, 7] 1.0
[6, 7] [3, 8] 0
[6, 7] [4, 7] 0.5
[6, 7] [2, 6] 0.5
[6, 7] [3] 0
[6, 7] [7] 0.7071067811865475
[6, 7] [6] 0.7071067811865475
[6, 7] [2] 0
[6, 7] [6] 0.7071067811865475
[6, 7] [8] 0
[6, 7] [1, 7] 0.5
[6, 7] [7] 0.7071067811865475
[6, 7] [7] 0.7071067811865475
[6, 7] [7] 0.7071067811865475
[6, 7] [7] 0.7071067811865475
[6, 7] [3, 7] 0.5
[6, 7] [3] 0
[6, 7] [1, 7] 0.5
[6, 7] [7] 0.7071067811865475
[6, 7] [5, 8] 0
[6, 7] [6, 7] 1.0
[6, 7] [7] 0.7071067811865475
[6, 7] [2, 7] 0.5
[6, 7] [8] 0
[6, 7] [5] 0
[6, 7] [1] 0
[6, 7] [7] 0.7071067811865475
[6, 7] [6, 8] 0.5
[6, 7] [8] 0
[6, 7] [7] 0.7071067811865475
[6, 7] [6] 0.7071067811865475
[6, 7] [2] 0
[6, 7] [6, 8] 0.5
[6, 7] [3, 7] 0.5
[6, 7] [7] 0.7071067811865475
[6, 7] [] 0
[6, 7] [3, 4] 0
[6, 7] [6] 0.7071067811865475
[6, 7] [1, 7] 0.5
[6, 7] [4] 0
[6, 7] [6] 0.7071067811865475
[6, 7] [6, 7] 1.0
[6, 7] [7] 0.7071067811865475
[6, 7] [] 0
[6, 7] [3, 7] 0.5
[6, 7] [7] 0.7071067811865475
[6, 7] [8] 0
[6, 7] [1, 7] 0.5
[6, 7] [1] 0
[6, 7] [7] 0.7071067811865475
[6, 7] [3, 7, 8] 0.4082482904638631
[6, 7] [7, 8] 0.5
[6, 7] [3, 7] 0.5
[6, 7] [6] 0.7071067811865475
[6, 7] [] 0
[6, 7] [3, 4] 0
[6, 7] [] 0
[6, 7] [3, 7] 0.5
[6, 7] [7] 0.7071067811865475
[6, 7] [7] 0.7071067811865475
[6, 7] [6, 8] 0.5
[6, 7] [7] 0.7071067811865475
[6, 7] [6] 0.7071067811865475
[6, 7] [7] 0.7071067811865475
[6, 7] [6] 0.7071067811865475
[6, 7] [6] 0.7071067811865475
[6, 7] [7] 0.7071067811865475
[6, 7] [7] 0.7071067811865475
[6, 7] [1] 0
[6, 7] [7, 8] 0.5
[6, 7] [7, 8] 0.5
[6, 7] [7] 0.7071067811865475
[6, 7] [3, 7] 0.5
[6, 7] [1, 3] 0
[6, 7] [1, 3] 0
[6, 7] [7] 0.7071067811865475
[6, 7] [4] 0
[6, 7] [6, 7] 1.0
[6, 7] [7] 0.7071067811865475
[6, 7] [5] 0
[6, 7] [7] 0.7071067811865475
[6, 7] [5, 7] 0.5
[6, 7] [6] 0.7071067811865475
[6, 7] [4, 7] 0.5
[6, 7] [7] 0.7071067811865475
[6, 7] [7] 0.7071067811865475
[6, 7] [8] 0
[6, 7] [1] 0
[6, 7] [7] 0.7071067811865475
[6, 7] [1, 7] 0.5
[6, 7] [7] 0.7071067811865475
[6, 7] [1] 0
[6, 7] [7] 0.7071067811865475
[6, 7] [1, 4] 0
[6, 7] [7] 0.7071067811865475
[6, 7] [7] 0.7071067811865475
[6, 7] [3, 7] 0.5
[6, 7] [6] 0.7071067811865475
[6, 7] [3] 0
[6, 7] [5, 6] 0.5
[6, 7] [5, 6] 0.5
[6, 7] [7] 0.7071067811865475
[6, 7] [1, 7] 0.5
[6, 7] [4] 0
[6, 7] [5] 0
[6, 7] [1, 7] 0.5
[6, 7] [7] 0.7071067811865475
[6, 7] [] 0
[6, 7] [6] 0.7071067811865475
[6, 7] [6] 0.7071067811865475
[6, 7] [6] 0.7071067811865475
[6, 7] [7] 0.7071067811865475
[6, 7] [1, 3, 8] 0
[6, 7] [7] 0.7071067811865475
[6, 7] [7] 0.7071067811865475
[6, 7] [] 0
[6, 7] [3] 0
[6, 7] [7, 8] 0.5
[6, 7] [3, 7] 0.5
[6, 7] [7] 0.7071067811865475
[6, 7] [3, 4] 0
[6, 7] [3] 0
[6, 7] [1, 3] 0
[6, 7] [3, 4] 0
[6, 7] [2] 0
[6, 7] [3, 7] 0.5
[6, 7] [7] 0.7071067811865475
[6, 7] [1] 0
[6, 7] [7] 0.7071067811865475
[6, 7] [7] 0.7071067811865475
[6, 7] [1] 0
[6, 7] [7] 0.7071067811865475
[6, 7] [2] 0
[6, 7] [7] 0.7071067811865475
[6, 7] [7] 0.7071067811865475
[6, 7] [5, 6] 0.5
[6, 7] [7] 0.7071067811865475
[6, 7] [6, 7] 1.0
[6, 7] [3, 7] 0.5
[6, 7] [6, 7] 1.0
[6, 7] [3] 0
[6, 7] [1, 3] 0
[6, 7] [1] 0
[6, 7] [3] 0
[6, 7] [5, 8] 0
[6, 7] [1] 0
[6, 7] [6] 0.7071067811865475
[6, 7] [6, 7] 1.0
[6, 7] [7] 0.7071067811865475
[6, 7] [3, 7] 0.5
[6, 7] [5, 7] 0.5
[6, 7] [2, 7] 0.5
[6, 7] [7] 0.7071067811865475
[6, 7] [3, 8] 0
[6, 7] [3, 7] 0.5
[6, 7] [7] 0.7071067811865475
[6, 7] [1] 0
[6, 7] [7] 0.7071067811865475
[6, 7] [7] 0.7071067811865475
[6, 7] [3, 7] 0.5
[6, 7] [2] 0
[6, 7] [6] 0.7071067811865475
[6, 7] [1, 6] 0.5
[6, 7] [6] 0.7071067811865475
[6, 7] [3, 7] 0.5
[6, 7] [6] 0.7071067811865475
[6, 7] [4, 7] 0.5
[6, 7] [] 0
[6, 7] [2, 6] 0.5
[6, 7] [7] 0.7071067811865475
[6, 7] [3, 6] 0.5
[6, 7] [3] 0
[6, 7] [7] 0.7071067811865475
[6, 7] [6] 0.7071067811865475
[6, 7] [1, 6] 0.5
[6, 7] [0] 0
[6, 7] [3, 7] 0.5
[6, 7] [3, 4] 0
[6, 7] [7, 8] 0.5
[6, 7] [7] 0.7071067811865475
[6, 7] [1, 7] 0.5
[6, 7] [7] 0.7071067811865475
[6, 7] [5] 0
[6, 7] [3, 8] 0
[6, 7] [3] 0
[6, 7] [7] 0.7071067811865475
[6, 7] [3, 7] 0.5
[6, 7] [1] 0
[6, 7] [1] 0
[6, 7] [6] 0.7071067811865475
[6, 7] [1] 0
[6, 7] [7] 0.7071067811865475
[6, 7] [7] 0.7071067811865475
[6, 7] [] 0
[6, 7] [3] 0
[6, 7] [7] 0.7071067811865475
[6, 7] [3, 7] 0.5
[6, 7] [3] 0
[6, 7] [7] 0.7071067811865475
[6, 7] [7, 8] 0.5
[6, 7] [7] 0.7071067811865475
[6, 7] [2, 7] 0.5
[6, 7] [1] 0
[6, 7] [7] 0.7071067811865475
[6, 7] [1, 7] 0.5
[6, 7] [8] 0
[6, 7] [1, 7] 0.5
[6, 7] [1] 0
[6, 7] [6] 0.7071067811865475
[6, 7] [1, 7, 8] 0.4082482904638631
[6, 7] [7] 0.7071067811865475
[6, 7] [7] 0.7071067811865475
[6, 7] [7] 0.7071067811865475
[6, 7] [4] 0
[6, 7] [1] 0
[6, 7] [3] 0
[6, 7] [3, 7] 0.5
[6, 7] [1, 7] 0.5
[6, 7] [] 0
[6, 7] [1] 0
[6, 7] [3, 7] 0.5
[6, 7] [7] 0.7071067811865475
[6, 7] [1] 0
[6, 7] [7] 0.7071067811865475
[6, 7] [4] 0
[6, 7] [4, 7] 0.5
[6, 7] [3, 7] 0.5
[6, 7] [7] 0.7071067811865475
[6, 7] [8] 0
[6, 7] [3] 0
[6, 7] [3, 7] 0.5
[6, 7] [3, 8] 0
[6, 7] [7] 0.7071067811865475
[6, 7] [4, 7] 0.5
[6, 7] [7] 0.7071067811865475
[6, 7] [7] 0.7071067811865475
[6, 7] [3, 7] 0.5
[6, 7] [7] 0.7071067811865475
[6, 7] [4] 0
[6, 7] [3] 0
[6, 7] [1] 0
[6, 7] [7] 0.7071067811865475
[6, 7] [5, 8] 0
[6, 7] [7] 0.7071067811865475
[6, 7] [1, 7] 0.5
[6, 7] [8] 0
[6, 7] [1, 7] 0.5
[6, 7] [7] 0.7071067811865475
[6, 7] [7] 0.7071067811865475
[6, 7] [7] 0.7071067811865475
[6, 7] [] 0
[6, 7] [6] 0.7071067811865475
[6, 7] [3, 4] 0
[6, 7] [7] 0.7071067811865475
[6, 7] [6] 0.7071067811865475
[6, 7] [1, 2, 3] 0
[6, 7] [1] 0
[6, 7] [4, 7] 0.5
[6, 7] [7] 0.7071067811865475
[6, 7] [6] 0.7071067811865475
[6, 7] [6] 0.7071067811865475
[6, 7] [7] 0.7071067811865475
[6, 7] [7] 0.7071067811865475
[6, 7] [6, 7] 1.0
[6, 7] [6] 0.7071067811865475
[6, 7] [7] 0.7071067811865475
[6, 7] [7] 0.7071067811865475
[6, 7] [3, 4] 0
[6, 7] [3, 7] 0.5
[6, 7] [2] 0
[6, 7] [7] 0.7071067811865475
[6, 7] [1] 0
[6, 7] [3, 7] 0.5
[6, 7] [1, 7] 0.5
[6, 7] [5] 0
[6, 7] [2] 0
[6, 7] [1, 6] 0.5
[6, 7] [7] 0.7071067811865475
[6, 7] [6, 7] 1.0
[6, 7] [6, 7] 1.0
[6, 7] [6, 7] 1.0
[6, 7] [1] 0
[6, 7] [7] 0.7071067811865475
[6, 7] [1, 4] 0
[6, 7] [1, 4] 0
[6, 7] [7] 0.7071067811865475
[6, 7] [7] 0.7071067811865475
[6, 7] [7] 0.7071067811865475
[6, 7] [3, 7] 0.5
[6, 7] [2] 0
[6, 7] [0] 0
[6, 7] [3, 7] 0.5
[6, 7] [7] 0.7071067811865475
[6, 7] [3, 7] 0.5
[6, 7] [7] 0.7071067811865475
[6, 7] [1] 0
[6, 7] [7, 8] 0.5
[6, 7] [1, 7] 0.5
[6, 7] [] 0
[6, 7] [1, 3, 7] 0.4082482904638631
[6, 7] [7] 0.7071067811865475
[6, 7] [1] 0
[6, 7] [1, 7] 0.5
[6, 7] [3, 4] 0
[6, 7] [1, 2] 0
[6, 7] [3] 0
[6, 7] [7] 0.7071067811865475
[6, 7] [7] 0.7071067811865475
[6, 7] [4] 0
[6, 7] [1, 3] 0
[6, 7] [7, 8] 0.5
[6, 7] [2] 0
[6, 7] [3] 0
[6, 7] [7] 0.7071067811865475
[6, 7] [7] 0.7071067811865475
[6, 7] [7] 0.7071067811865475
[6, 7] [1] 0
[6, 7] [3, 7] 0.5
[6, 7] [7] 0.7071067811865475
[6, 7] [7] 0.7071067811865475
[6, 7] [1] 0
[6, 7] [1] 0
[6, 7] [1] 0
[6, 7] [1] 0
[6, 7] [1, 7, 8] 0.4082482904638631
[6, 7] [1] 0
[6, 7] [3, 7] 0.5
[6, 7] [3] 0
[6, 7] [7] 0.7071067811865475
[6, 7] [4, 7] 0.5
[6, 7] [6] 0.7071067811865475
[6, 7] [1] 0
[6, 7] [3, 8] 0
[6, 7] [] 0
[6, 7] [7] 0.7071067811865475
[6, 7] [6, 7] 1.0
[6, 7] [6] 0.7071067811865475
[6, 7] [6] 0.7071067811865475
[6, 7] [1, 7] 0.5
[6, 7] [3, 5] 0
[6, 7] [6] 0.7071067811865475
[6, 7] [5, 7] 0.5
[6, 7] [6, 7] 1.0
[6, 7] [6] 0.7071067811865475
[6, 7] [6] 0.7071067811865475
[6, 7] [6] 0.7071067811865475
[6, 7] [3, 7] 0.5
[6, 7] [1] 0
[6, 7] [6] 0.7071067811865475
[6, 7] [1] 0
[6, 7] [7] 0.7071067811865475
[6, 7] [3, 5, 7] 0.4082482904638631
[6, 7] [8] 0
[6, 7] [1] 0
[6, 7] [1, 7] 0.5
[6, 7] [3, 5] 0
[6, 7] [3] 0
[6, 7] [7] 0.7071067811865475
[6, 7] [7] 0.7071067811865475
[6, 7] [6] 0.7071067811865475
[6, 7] [3, 7] 0.5
[6, 7] [3] 0
[6, 7] [3] 0
[6, 7] [3, 7] 0.5
[6, 7] [7] 0.7071067811865475
[6, 7] [7] 0.7071067811865475
[6, 7] [8] 0
[6, 7] [3, 7] 0.5
[6, 7] [4] 0
[6, 7] [1] 0
[6, 7] [7] 0.7071067811865475
[6, 7] [1, 2, 7] 0.4082482904638631
[6, 7] [7] 0.7071067811865475
[6, 7] [8] 0
[6, 7] [7] 0.7071067811865475
[6, 7] [7] 0.7071067811865475
[6, 7] [6] 0.7071067811865475
[6, 7] [7, 8] 0.5
[6, 7] [7] 0.7071067811865475
[6, 7] [1, 7] 0.5
[6, 7] [1, 7] 0.5
[6, 7] [1, 3] 0
[6, 7] [1, 7] 0.5
[6, 7] [7] 0.7071067811865475
[6, 7] [1, 7] 0.5
[6, 7] [1, 7] 0.5
[6, 7] [1] 0
[6, 7] [6] 0.7071067811865475
[6, 7] [7] 0.7071067811865475
[6, 7] [1, 7] 0.5
[6, 7] [3] 0
[6, 7] [2] 0
[6, 7] [3] 0
[6, 7] [6] 0.7071067811865475
[6, 7] [6] 0.7071067811865475
[6, 7] [1] 0
[6, 7] [1] 0
[6, 7] [7] 0.7071067811865475
[6, 7] [7] 0.7071067811865475
[6, 7] [6] 0.7071067811865475
[6, 7] [1, 7] 0.5
[6, 7] [6] 0.7071067811865475
[6, 7] [1, 7] 0.5
[6, 7] [7] 0.7071067811865475
[6, 7] [6] 0.7071067811865475
[6, 7] [7] 0.7071067811865475
[6, 7] [7] 0.7071067811865475
[6, 7] [1, 4] 0
[6, 7] [1] 0
[6, 7] [3] 0
[6, 7] [1, 7] 0.5
[6, 7] [7] 0.7071067811865475
[6, 7] [3] 0
[6, 7] [8] 0
[6, 7] [8] 0
[6, 7] [6, 7] 1.0
[6, 7] [7] 0.7071067811865475
[6, 7] [6] 0.7071067811865475
[6, 7] [6] 0.7071067811865475
[6, 7] [] 0
[6, 7] [1, 7] 0.5
[6, 7] [1, 7] 0.5
[6, 7] [3, 8] 0
[6, 7] [1, 3] 0
[6, 7] [7] 0.7071067811865475
[6, 7] [7] 0.7071067811865475
[6, 7] [6] 0.7071067811865475
[6, 7] [3] 0
[6, 7] [3, 5, 7] 0.4082482904638631
[6, 7] [6] 0.7071067811865475
[6, 7] [5, 6] 0.5
[6, 7] [] 0
[6, 7] [6, 7] 1.0
[6, 7] [6] 0.7071067811865475
[6, 7] [6, 8] 0.5
[6, 7] [7] 0.7071067811865475
[6, 7] [3, 7, 8] 0.4082482904638631
[6, 7] [1] 0
[6, 7] [3] 0
[6, 7] [4] 0
[6, 7] [3, 7] 0.5
[6, 7] [7] 0.7071067811865475
[6, 7] [3] 0
[6, 7] [7] 0.7071067811865475
[6, 7] [3, 7] 0.5
[6, 7] [3] 0
[6, 7] [1] 0
[6, 7] [6] 0.7071067811865475
[6, 7] [5, 6] 0.5
[6, 7] [2] 0
[6, 7] [] 0
[6, 7] [5, 6] 0.5
[6, 7] [6] 0.7071067811865475
[6, 7] [6] 0.7071067811865475
[6, 7] [5] 0
[6, 7] [6] 0.7071067811865475
[6, 7] [6] 0.7071067811865475
[6, 7] [5, 6] 0.5
[6, 7] [5] 0
[6, 7] [5, 7] 0.5
[6, 7] [3, 4] 0
[6, 7] [3, 7] 0.5
[6, 7] [7] 0.7071067811865475
[6, 7] [1] 0
[6, 7] [3] 0
[6, 7] [6] 0.7071067811865475
[6, 7] [7] 0.7071067811865475
[6, 7] [3] 0
[6, 7] [5, 7] 0.5
[6, 7] [3, 7] 0.5
[6, 7] [7] 0.7071067811865475
[6, 7] [3] 0
[6, 7] [3, 6] 0.5
[6, 7] [3, 8] 0
[6, 7] [8] 0
[6, 7] [7] 0.7071067811865475
[6, 7] [1, 7] 0.5
[6, 7] [7] 0.7071067811865475
[6, 7] [3, 7] 0.5
[6, 7] [1, 7] 0.5
[6, 7] [7] 0.7071067811865475
[6, 7] [7] 0.7071067811865475
[6, 7] [1] 0
[6, 7] [1] 0
[6, 7] [3] 0
[6, 7] [1, 4] 0
[6, 7] [7] 0.7071067811865475
[6, 7] [8] 0
[6, 7] [1, 4, 7] 0.4082482904638631
[6, 7] [3, 8] 0
[6, 7] [3] 0
[6, 7] [1, 3] 0
[6, 7] [3, 7] 0.5
[6, 7] [8] 0
[6, 7] [1, 7, 8] 0.4082482904638631
[6, 7] [3, 4] 0
[6, 7] [6] 0.7071067811865475
[6, 7] [1, 7] 0.5
[6, 7] [1, 5] 0
[6, 7] [7] 0.7071067811865475
[6, 7] [7] 0.7071067811865475
[6, 7] [1, 7] 0.5
[6, 7] [1, 5] 0
[6, 7] [1, 5] 0
[6, 7] [6] 0.7071067811865475
[6, 7] [5, 7] 0.5
[6, 7] [0] 0
[6, 7] [] 0
[6, 7] [8] 0
[6, 7] [8] 0
[6, 7] [7] 0.7071067811865475
[6, 7] [1, 3] 0
[6, 7] [3] 0
[6, 7] [7, 8] 0.5
[6, 7] [7] 0.7071067811865475
[6, 7] [7] 0.7071067811865475
[6, 7] [1] 0
[6, 7] [1, 7] 0.5
[6, 7] [1, 4] 0
[6, 7] [6, 7] 1.0
[6, 7] [1] 0
[6, 7] [1, 4] 0
[6, 7] [7, 8] 0.5
[6, 7] [7] 0.7071067811865475
[6, 7] [1] 0
[6, 7] [7] 0.7071067811865475
[6, 7] [3, 7] 0.5
[6, 7] [7] 0.7071067811865475
[6, 7] [1] 0
[6, 7] [7] 0.7071067811865475
[6, 7] [7] 0.7071067811865475
[6, 7] [1] 0
[6, 7] [7] 0.7071067811865475
[6, 7] [1] 0
[6, 7] [3, 7] 0.5
[6, 7] [4, 7] 0.5
[6, 7] [3] 0
[6, 7] [7] 0.7071067811865475
[6, 7] [1, 7] 0.5
[6, 7] [7] 0.7071067811865475
[6, 7] [2, 4] 0
[6, 7] [7] 0.7071067811865475
[6, 7] [7] 0.7071067811865475
[6, 7] [7] 0.7071067811865475
[6, 7] [1] 0
[6, 7] [7] 0.7071067811865475
[6, 7] [5] 0
[6, 7] [6, 7] 1.0
[6, 7] [7] 0.7071067811865475
[6, 7] [6] 0.7071067811865475
[6, 7] [7] 0.7071067811865475
[6, 7] [1, 4] 0
[6, 7] [6] 0.7071067811865475
[6, 7] [6] 0.7071067811865475
[6, 7] [1, 3] 0
[6, 7] [7, 8] 0.5
[6, 7] [6, 7] 1.0
[6, 7] [] 0
[6, 7] [7] 0.7071067811865475
[6, 7] [4] 0
[6, 7] [7] 0.7071067811865475
[6, 7] [3] 0
[6, 7] [4, 6] 0.5
[6, 7] [7] 0.7071067811865475
[6, 7] [3, 6] 0.5
[6, 7] [7] 0.7071067811865475
[6, 7] [1, 7] 0.5
[6, 7] [] 0
[6, 7] [3, 7] 0.5
[6, 7] [7] 0.7071067811865475
[6, 7] [7] 0.7071067811865475
[6, 7] [7] 0.7071067811865475
[6, 7] [1] 0
[6, 7] [7] 0.7071067811865475
[6, 7] [7] 0.7071067811865475
[6, 7] [5] 0
[6, 7] [1] 0
[6, 7] [7] 0.7071067811865475
[6, 7] [7] 0.7071067811865475
[6, 7] [3, 8] 0
[6, 7] [] 0
[6, 7] [6] 0.7071067811865475
[6, 7] [3] 0
[6, 7] [1] 0
[6, 7] [7] 0.7071067811865475
[6, 7] [7] 0.7071067811865475
[6, 7] [7] 0.7071067811865475
[6, 7] [1] 0
[6, 7] [4] 0
[6, 7] [4] 0
[6, 7] [7] 0.7071067811865475
[6, 7] [3, 6, 7] 0.8164965809277261
[6, 7] [6] 0.7071067811865475
[6, 7] [1] 0
[6, 7] [7] 0.7071067811865475
[6, 7] [1, 3] 0
[6, 7] [1] 0
[6, 7] [1] 0
[6, 7] [1] 0
[6, 7] [1, 7] 0.5
[6, 7] [6] 0.7071067811865475
[6, 7] [6] 0.7071067811865475
[6, 7] [6] 0.7071067811865475
[6, 7] [4] 0
[6, 7] [7] 0.7071067811865475
[6, 7] [6] 0.7071067811865475
[6, 7] [4, 7] 0.5
[6, 7] [6] 0.7071067811865475
[6, 7] [2, 4] 0
[6, 7] [0, 7] 0.5
[6, 7] [7, 8] 0.5
[6, 7] [7] 0.7071067811865475
[6, 7] [7] 0.7071067811865475
[6, 7] [7] 0.7071067811865475
[6, 7] [1] 0
[6, 7] [1, 2] 0
[6, 7] [7] 0.7071067811865475
[6, 7] [7] 0.7071067811865475
[6, 7] [8] 0
[6, 7] [1, 6, 7] 0.8164965809277261
[6, 7] [6] 0.7071067811865475
[6, 7] [6, 7] 1.0
[6, 7] [7, 8] 0.5
[6, 7] [1] 0
[6, 7] [3] 0
Traceback (most recent call last):
  File "distance.py", line 73, in <module>
    calDistance(userData)
  File "distance.py", line 65, in calDistance
    input()
OSError: [Errno 9] Bad file descriptor
